<?xml version="1.0" encoding="UTF-8"?>
<testng-results skipped="0" failed="0" ignored="0" total="1" passed="1">
  <reporter-output>
  </reporter-output>
  <suite name="Default suite" duration-ms="47406" started-at="2020-05-28T15:32:29Z" finished-at="2020-05-28T15:33:17Z">
    <groups>
    </groups>
    <test name="Default test" duration-ms="47406" started-at="2020-05-28T15:32:29Z" finished-at="2020-05-28T15:33:17Z">
      <class name="MobileTestCases.AddToCart">
        <test-method status="PASS" signature="setUp()[pri:0, instance:MobileTestCases.AddToCart@66a3ffec]" name="setUp" is-config="true" duration-ms="26599" started-at="2020-05-28T15:32:30Z" finished-at="2020-05-28T15:32:56Z">
          <reporter-output>
          </reporter-output>
        </test-method> <!-- setUp -->
        <test-method status="PASS" signature="addToCart()[pri:0, instance:MobileTestCases.AddToCart@66a3ffec]" name="addToCart" duration-ms="20739" started-at="2020-05-28T15:32:56Z" finished-at="2020-05-28T15:33:17Z">
          <reporter-output>
          </reporter-output>
        </test-method> <!-- addToCart -->
      </class> <!-- MobileTestCases.AddToCart -->
    </test> <!-- Default test -->
  </suite> <!-- Default suite -->
</testng-results>
